debuggroup summary 0.13s welcome to circos v0.69-8 15 Jun 2019 on Perl 5.032001
debuggroup summary 0.13s current working directory /home/ubuntu/Desktop/circos-0.69-9/Plot_mitochondria
debuggroup summary 0.13s command ../bin/circos -conf plot_mit -debug_group summary,timer
debuggroup summary 0.13s loading configuration from file plot_mit
debuggroup summary 0.13s found conf file plot_mit
debuggroup summary 0.22s debug will appear for these features: summary,timer
debuggroup summary 0.22s bitmap output image ./circos.png
debuggroup summary 0.22s SVG output image ./circos.svg
debuggroup summary 0.22s parsing karyotype and organizing ideograms
debuggroup summary 0.28s karyotype has 25 chromosomes of total size 3,095,694,006
debuggroup summary 0.28s applying global and local scaling
debuggroup summary 0.28s allocating image, colors and brushes
debuggroup summary 4.25s drawing 1 ideograms of total size 16,570
debuggroup summary 4.25s drawing highlights and ideograms
debuggroup summary 4.29s found conf file /home/ubuntu/Desktop/circos-0.69-9/bin/../etc/tracks/histogram.conf
debuggroup summary 4.29s found conf file /home/ubuntu/Desktop/circos-0.69-9/bin/../etc/tracks/text.conf
debuggroup summary 4.29s found conf file /home/ubuntu/Desktop/circos-0.69-9/bin/../etc/tracks/connector.conf
debuggroup summary 4.29s found conf file /home/ubuntu/Desktop/circos-0.69-9/bin/../etc/tracks/highlight.conf
debuggroup summary 4.29s found conf file /home/ubuntu/Desktop/circos-0.69-9/bin/../etc/tracks/highlight.conf
debuggroup summary 4.29s found conf file /home/ubuntu/Desktop/circos-0.69-9/bin/../etc/tracks/highlight.conf
debuggroup summary 4.29s found conf file /home/ubuntu/Desktop/circos-0.69-9/bin/../etc/tracks/highlight.conf
debuggroup summary 4.29s found conf file /home/ubuntu/Desktop/circos-0.69-9/bin/../etc/tracks/highlight.conf
debuggroup summary 4.29s found conf file /home/ubuntu/Desktop/circos-0.69-9/bin/../etc/tracks/highlight.conf
debuggroup summary 4.29s found conf file /home/ubuntu/Desktop/circos-0.69-9/bin/../etc/tracks/highlight.conf
debuggroup summary 4.29s found conf file /home/ubuntu/Desktop/circos-0.69-9/bin/../etc/tracks/text.conf
debuggroup summary 4.29s processing track_0 histogram /home/ubuntu/Desktop/circos-0.69-9/Plot_mitochondria/HGWV5DRXY.hist
debuggroup summary 6.25s processing track_1 text /home/ubuntu/Desktop/circos-0.69-9/Plot_mitochondria/labels.txt
debuggroup summary 6.25s processing track_2 connector /home/ubuntu/Desktop/circos-0.69-9/Plot_mitochondria/connectors.txt
debuggroup summary 6.25s processing track_3 highlight /home/ubuntu/Desktop/circos-0.69-9/Plot_mitochondria/highlights.txt
debuggroup summary 6.26s processing track_4 highlight /home/ubuntu/Desktop/circos-0.69-9/Plot_mitochondria/highlights1.txt
debuggroup summary 6.26s processing track_5 highlight /home/ubuntu/Desktop/circos-0.69-9/Plot_mitochondria/highlights2.txt
debuggroup summary 6.26s processing track_6 highlight /home/ubuntu/Desktop/circos-0.69-9/Plot_mitochondria/highlights3.txt
debuggroup summary 6.26s processing track_7 highlight /home/ubuntu/Desktop/circos-0.69-9/Plot_mitochondria/highlights4.txt
debuggroup summary 6.26s processing track_8 highlight /home/ubuntu/Desktop/circos-0.69-9/Plot_mitochondria/highlights5.txt
debuggroup summary 6.26s processing track_9 highlight /home/ubuntu/Desktop/circos-0.69-9/Plot_mitochondria/highlights6.txt
debuggroup summary 6.26s processing track_10 text /home/ubuntu/Desktop/circos-0.69-9/Plot_mitochondria/genes.txt
debuggroup summary 6.26s drawing track_0 histogram z 0 HGWV5DRXY.hist orient out
debuggroup summary 6.67s found conf file /home/ubuntu/Desktop/circos-0.69-9/bin/../etc/tracks/axis.conf
debuggroup summary 22.12s drawing track_1 text z 0 labels.txt 
debuggroup summary 22.12s placing text track labels.txt
debuggroup summary 22.12s ... see progress with -debug_group text
debuggroup summary 22.12s ... see placement summary with -debug_group textplace
debuggroup summary 22.14s found conf file /home/ubuntu/Desktop/circos-0.69-9/bin/../etc/tracks/axis.conf
debuggroup summary 22.14s drawing track_2 connector z 0 connectors.txt 
debuggroup summary 22.14s found conf file /home/ubuntu/Desktop/circos-0.69-9/bin/../etc/tracks/axis.conf
debuggroup summary 22.90s drawing track_3 highlight z 10 highlights.txt 
debuggroup summary 22.90s found conf file /home/ubuntu/Desktop/circos-0.69-9/bin/../etc/tracks/axis.conf
debuggroup summary 22.90s drawing track_4 highlight z 10 highlights1.txt 
debuggroup summary 22.90s found conf file /home/ubuntu/Desktop/circos-0.69-9/bin/../etc/tracks/axis.conf
debuggroup summary 22.90s drawing track_5 highlight z 10 highlights2.txt 
debuggroup summary 22.90s found conf file /home/ubuntu/Desktop/circos-0.69-9/bin/../etc/tracks/axis.conf
debuggroup summary 22.91s drawing track_6 highlight z 10 highlights3.txt 
debuggroup summary 22.91s found conf file /home/ubuntu/Desktop/circos-0.69-9/bin/../etc/tracks/axis.conf
debuggroup summary 22.91s drawing track_7 highlight z 10 highlights4.txt 
debuggroup summary 22.91s found conf file /home/ubuntu/Desktop/circos-0.69-9/bin/../etc/tracks/axis.conf
debuggroup summary 22.91s drawing track_8 highlight z 10 highlights5.txt 
debuggroup summary 22.91s found conf file /home/ubuntu/Desktop/circos-0.69-9/bin/../etc/tracks/axis.conf
debuggroup summary 22.92s drawing track_9 highlight z 10 highlights6.txt 
debuggroup summary 22.92s found conf file /home/ubuntu/Desktop/circos-0.69-9/bin/../etc/tracks/axis.conf
debuggroup summary 22.92s drawing track_10 text z 15 genes.txt 
debuggroup summary 22.92s placing text track genes.txt
debuggroup summary 22.92s ... see progress with -debug_group text
debuggroup summary 22.92s ... see placement summary with -debug_group textplace
debuggroup summary 22.96s found conf file /home/ubuntu/Desktop/circos-0.69-9/bin/../etc/tracks/axis.conf
debuggroup timer 23.32s report circos 23.195 s
debuggroup timer 23.32s report color 3.905 s
debuggroup timer 23.32s report colorcache 0.003 s
debuggroup timer 23.32s report colordefinitions 0.735 s
debuggroup timer 23.32s report colorfetch 0.147 s
debuggroup timer 23.32s report colorlists 3.020 s
debuggroup timer 23.32s report colorlookups 0.008 s
debuggroup timer 23.32s report colortransparency 0.843 s
debuggroup timer 23.32s report dataparams 1.112 s
debuggroup timer 23.32s report datarules 0.000 s
debuggroup timer 23.32s report graphic_png_polygon 3.052 s
debuggroup timer 23.32s report graphic_slice 8.540 s
debuggroup timer 23.32s report graphic_slice_polygon_coord 0.723 s
debuggroup timer 23.32s report graphic_slice_polygon_svg 3.569 s
debuggroup timer 23.32s report graphic_slice_preprocess 0.704 s
debuggroup timer 23.32s report highlights 0.000 s
debuggroup timer 23.32s report ideograms_draw 0.035 s
debuggroup timer 23.32s report ideograms_processing 0.001 s
debuggroup timer 23.32s report ideograms_ticks_draw 0.019 s
debuggroup timer 23.32s report ideograms_zoom 0.001 s
debuggroup timer 23.32s report io 0.252 s
debuggroup timer 23.32s report karyotype 0.064 s
debuggroup timer 23.32s report parameter_seek 1.545 s
debuggroup timer 23.32s report track_connector 0.757 s
debuggroup timer 23.32s report track_highlight 0.016 s
debuggroup timer 23.32s report track_histogram 13.216 s
debuggroup timer 23.32s report track_preprocess 0.418 s
debuggroup timer 23.32s report track_text_ashift 0.001 s
debuggroup timer 23.32s report track_text_ashiftiter 0.000 s
debuggroup timer 23.32s report track_text_draw 0.010 s
debuggroup timer 23.32s report track_text_place 0.050 s
debuggroup timer 23.32s report track_text_preashift 0.002 s
debuggroup timer 23.32s report track_text_preprocess 0.003 s
debuggroup timer 23.32s report track_text_refine 0.000 s
debuggroup timer 23.32s report unitconvert 0.002 s
debuggroup timer 23.32s report unitconvert_decision 0.000 s
debuggroup timer 23.32s report unitconvert_delegate 0.001 s
debuggroup timer 23.32s report unitparse 0.002 s
